<?xml version="1.0" encoding="UTF-8"?>
<!-- Generated by org.testng.reporters.JUnitXMLReporter -->
<testsuite ignored="2" hostname="Kangs" failures="0" tests="5" name="Default test" time="0.047" errors="0" timestamp="2024-10-02T15:16:24 EDT">
  <testcase classname="com.kavinschool.shape.CubeSingleDataProviderTest" name="testArea" time="0.011"/>
  <testcase classname="com.kavinschool.shape.CubeSingleDataProviderTest" name="testArea" time="0.001"/>
  <testcase classname="com.kavinschool.shape.CubeSingleDataProviderTest" name="testArea" time="0.0"/>
  <testcase classname="com.kavinschool.shape.CubeSingleDataProviderTest" name="testArea" time="0.001"/>
  <testcase classname="com.kavinschool.shape.CubeSingleDataProviderTest" name="testArea" time="0.001"/>
  <testcase classname="com.kavinschool.shape.CubeSingleDataProviderTest" name="testPerimeter" time="0.0">
    <ignored/>
  </testcase> <!-- testPerimeter -->
  <testcase classname="com.kavinschool.shape.CubeSingleDataProviderTest" name="testVolume" time="0.0">
    <ignored/>
  </testcase> <!-- testVolume -->
</testsuite> <!-- Default test -->
