<?xml version="1.0" encoding="UTF-8"?>
<testng-results ignored="0" total="5" passed="5" failed="0" skipped="0">
  <reporter-output>
  </reporter-output>
  <suite started-at="2024-10-02T15:16:24 EDT" name="Default suite" finished-at="2024-10-02T15:16:24 EDT" duration-ms="47">
    <groups>
      <group name="area">
        <method signature="CubeSingleDataProviderTest.testArea(int,double,double,double)[pri:0, instance:com.kavinschool.shape.CubeSingleDataProviderTest@14bdbc74]" name="testArea" class="com.kavinschool.shape.CubeSingleDataProviderTest"/>
      </group> <!-- area -->
      <group name="functional">
        <method signature="CubeSingleDataProviderTest.testArea(int,double,double,double)[pri:0, instance:com.kavinschool.shape.CubeSingleDataProviderTest@14bdbc74]" name="testArea" class="com.kavinschool.shape.CubeSingleDataProviderTest"/>
      </group> <!-- functional -->
      <group name="data">
        <method signature="CubeSingleDataProviderTest.testArea(int,double,double,double)[pri:0, instance:com.kavinschool.shape.CubeSingleDataProviderTest@14bdbc74]" name="testArea" class="com.kavinschool.shape.CubeSingleDataProviderTest"/>
      </group> <!-- data -->
    </groups>
    <test started-at="2024-10-02T15:16:24 EDT" name="Default test" finished-at="2024-10-02T15:16:24 EDT" duration-ms="47">
      <class name="com.kavinschool.shape.CubeSingleDataProviderTest">
        <test-method signature="testArea(int,double,double,double)[pri:0, instance:com.kavinschool.shape.CubeSingleDataProviderTest@14bdbc74]" started-at="2024-10-02T15:16:24 EDT" name="testArea" data-provider="cube-data" finished-at="2024-10-02T15:16:24 EDT" duration-ms="11" status="PASS">
          <params>
            <param index="0">
              <value>
                <![CDATA[5]]>
              </value>
            </param>
            <param index="1">
              <value>
                <![CDATA[150.0]]>
              </value>
            </param>
            <param index="2">
              <value>
                <![CDATA[125.0]]>
              </value>
            </param>
            <param index="3">
              <value>
                <![CDATA[60.0]]>
              </value>
            </param>
          </params>
          <reporter-output>
          </reporter-output>
        </test-method> <!-- testArea -->
        <test-method signature="testArea(int,double,double,double)[pri:0, instance:com.kavinschool.shape.CubeSingleDataProviderTest@14bdbc74]" started-at="2024-10-02T15:16:24 EDT" name="testArea" data-provider="cube-data" finished-at="2024-10-02T15:16:24 EDT" duration-ms="1" status="PASS">
          <params>
            <param index="0">
              <value>
                <![CDATA[10]]>
              </value>
            </param>
            <param index="1">
              <value>
                <![CDATA[600.0]]>
              </value>
            </param>
            <param index="2">
              <value>
                <![CDATA[1000.0]]>
              </value>
            </param>
            <param index="3">
              <value>
                <![CDATA[120.0]]>
              </value>
            </param>
          </params>
          <reporter-output>
          </reporter-output>
        </test-method> <!-- testArea -->
        <test-method signature="testArea(int,double,double,double)[pri:0, instance:com.kavinschool.shape.CubeSingleDataProviderTest@14bdbc74]" started-at="2024-10-02T15:16:24 EDT" name="testArea" data-provider="cube-data" finished-at="2024-10-02T15:16:24 EDT" duration-ms="0" status="PASS">
          <params>
            <param index="0">
              <value>
                <![CDATA[15]]>
              </value>
            </param>
            <param index="1">
              <value>
                <![CDATA[1350.0]]>
              </value>
            </param>
            <param index="2">
              <value>
                <![CDATA[3375.0]]>
              </value>
            </param>
            <param index="3">
              <value>
                <![CDATA[180.0]]>
              </value>
            </param>
          </params>
          <reporter-output>
          </reporter-output>
        </test-method> <!-- testArea -->
        <test-method signature="testArea(int,double,double,double)[pri:0, instance:com.kavinschool.shape.CubeSingleDataProviderTest@14bdbc74]" started-at="2024-10-02T15:16:24 EDT" name="testArea" data-provider="cube-data" finished-at="2024-10-02T15:16:24 EDT" duration-ms="1" status="PASS">
          <params>
            <param index="0">
              <value>
                <![CDATA[20]]>
              </value>
            </param>
            <param index="1">
              <value>
                <![CDATA[2400.0]]>
              </value>
            </param>
            <param index="2">
              <value>
                <![CDATA[8000.0]]>
              </value>
            </param>
            <param index="3">
              <value>
                <![CDATA[240.0]]>
              </value>
            </param>
          </params>
          <reporter-output>
          </reporter-output>
        </test-method> <!-- testArea -->
        <test-method signature="testArea(int,double,double,double)[pri:0, instance:com.kavinschool.shape.CubeSingleDataProviderTest@14bdbc74]" started-at="2024-10-02T15:16:24 EDT" name="testArea" data-provider="cube-data" finished-at="2024-10-02T15:16:24 EDT" duration-ms="1" status="PASS">
          <params>
            <param index="0">
              <value>
                <![CDATA[25]]>
              </value>
            </param>
            <param index="1">
              <value>
                <![CDATA[3750.0]]>
              </value>
            </param>
            <param index="2">
              <value>
                <![CDATA[15625.0]]>
              </value>
            </param>
            <param index="3">
              <value>
                <![CDATA[300.0]]>
              </value>
            </param>
          </params>
          <reporter-output>
          </reporter-output>
        </test-method> <!-- testArea -->
      </class> <!-- com.kavinschool.shape.CubeSingleDataProviderTest -->
    </test> <!-- Default test -->
  </suite> <!-- Default suite -->
</testng-results>
